build/app/intermediates/manifest_merge_blame_file/debug/manifest-merger-blame-debug-report.txt
1<?xml version="1.0" encoding="utf-8"?>
2<manifest xmlns:android="http://schemas.android.com/apk/res/android"
3    package="com.nookienation_tictactoe_calc"
4    android:versionCode="1"
5    android:versionName="1.0.0" >
6
7    <uses-sdk
8        android:minSdkVersion="21"
9        android:targetSdkVersion="34" />
10    <!--
11         The INTERNET permission is required for development. Specifically,
12         the Flutter tool needs it to communicate with the running application
13         to allow setting breakpoints, to provide hot reload, etc.
14    -->
15    <uses-permission android:name="android.permission.INTERNET" />
15-->src/main/AndroidManifest.xml:2:5-67
15-->src/main/AndroidManifest.xml:2:22-64
16
17    <queries>
17-->src/main/AndroidManifest.xml:3:5-19:15
18
19        <!-- If your app opens https URLs -->
20        <intent>
20-->src/main/AndroidManifest.xml:5:9-8:18
21            <action android:name="android.intent.action.VIEW" />
21-->src/main/AndroidManifest.xml:6:13-65
21-->src/main/AndroidManifest.xml:6:21-62
22
23            <data android:scheme="https" />
23-->src/main/AndroidManifest.xml:7:13-44
23-->src/main/AndroidManifest.xml:7:19-41
24        </intent>
25        <!-- If your app makes calls -->
26        <intent>
26-->src/main/AndroidManifest.xml:10:9-13:18
27            <action android:name="android.intent.action.DIAL" />
27-->src/main/AndroidManifest.xml:11:13-65
27-->src/main/AndroidManifest.xml:11:21-62
28
29            <data android:scheme="tel" />
29-->src/main/AndroidManifest.xml:7:13-44
29-->src/main/AndroidManifest.xml:7:19-41
30        </intent>
31        <!-- If your app emails -->
32        <intent>
32-->src/main/AndroidManifest.xml:15:9-18:18
33            <action android:name="android.intent.action.SEND" />
33-->src/main/AndroidManifest.xml:16:13-65
33-->src/main/AndroidManifest.xml:16:21-62
34
35            <data android:mimeType="*/*" />
35-->src/main/AndroidManifest.xml:7:13-44
36        </intent>
37        <!-- For browser content -->
38        <intent>
38-->[com.google.android.gms:play-services-ads-lite:22.0.0] AndroidManifest.xml:35:9-41:18
39            <action android:name="android.intent.action.VIEW" />
39-->src/main/AndroidManifest.xml:6:13-65
39-->src/main/AndroidManifest.xml:6:21-62
40
41            <category android:name="android.intent.category.BROWSABLE" />
41-->[com.google.firebase:firebase-auth:22.3.0] AndroidManifest.xml:39:17-78
41-->[com.google.firebase:firebase-auth:22.3.0] AndroidManifest.xml:39:27-75
42
43            <data android:scheme="https" />
43-->src/main/AndroidManifest.xml:7:13-44
43-->src/main/AndroidManifest.xml:7:19-41
44        </intent> <!-- End of browser content -->
45        <!-- For CustomTabsService -->
46        <intent>
46-->[com.google.android.gms:play-services-ads-lite:22.0.0] AndroidManifest.xml:44:9-46:18
47            <action android:name="android.support.customtabs.action.CustomTabsService" />
47-->[com.google.android.gms:play-services-ads-lite:22.0.0] AndroidManifest.xml:45:13-90
47-->[com.google.android.gms:play-services-ads-lite:22.0.0] AndroidManifest.xml:45:21-87
48        </intent>
49        <intent>
49-->[com.android.billingclient:billing:6.0.1] AndroidManifest.xml:13:9-15:18
50            <action android:name="com.android.vending.billing.InAppBillingService.BIND" />
50-->[com.android.billingclient:billing:6.0.1] AndroidManifest.xml:14:13-91
50-->[com.android.billingclient:billing:6.0.1] AndroidManifest.xml:14:21-88
51        </intent>
52    </queries>
53
54    <uses-permission android:name="android.permission.ACCESS_NETWORK_STATE" />
54-->[com.unity3d.ads:unity-ads:4.9.2] AndroidManifest.xml:8:5-79
54-->[com.unity3d.ads:unity-ads:4.9.2] AndroidManifest.xml:8:22-76
55    <uses-permission android:name="com.google.android.gms.permission.AD_ID" />
55-->[com.unity3d.ads:unity-ads:4.9.2] AndroidManifest.xml:10:5-79
55-->[com.unity3d.ads:unity-ads:4.9.2] AndroidManifest.xml:10:22-76
56    <uses-permission android:name="android.permission.WAKE_LOCK" />
56-->[com.google.android.gms:play-services-measurement-api:21.5.0] AndroidManifest.xml:24:5-68
56-->[com.google.android.gms:play-services-measurement-api:21.5.0] AndroidManifest.xml:24:22-65
57    <uses-permission android:name="android.permission.ACCESS_ADSERVICES_ATTRIBUTION" />
57-->[com.google.android.gms:play-services-measurement-api:21.5.0] AndroidManifest.xml:26:5-88
57-->[com.google.android.gms:play-services-measurement-api:21.5.0] AndroidManifest.xml:26:22-85
58    <uses-permission android:name="android.permission.ACCESS_ADSERVICES_AD_ID" />
58-->[com.google.android.gms:play-services-measurement-api:21.5.0] AndroidManifest.xml:27:5-82
58-->[com.google.android.gms:play-services-measurement-api:21.5.0] AndroidManifest.xml:27:22-79
59    <uses-permission android:name="com.android.vending.BILLING" />
59-->[com.android.billingclient:billing-ktx:6.0.1] AndroidManifest.xml:9:5-67
59-->[com.android.billingclient:billing-ktx:6.0.1] AndroidManifest.xml:9:22-64
60    <uses-permission android:name="com.google.android.finsky.permission.BIND_GET_INSTALL_REFERRER_SERVICE" />
60-->[com.google.android.gms:play-services-measurement:21.5.0] AndroidManifest.xml:26:5-110
60-->[com.google.android.gms:play-services-measurement:21.5.0] AndroidManifest.xml:26:22-107
61    <uses-permission android:name="android.permission.FOREGROUND_SERVICE" />
61-->[androidx.work:work-runtime:2.7.0] AndroidManifest.xml:28:5-77
61-->[androidx.work:work-runtime:2.7.0] AndroidManifest.xml:28:22-74
62
63    <permission
63-->[androidx.core:core:1.10.1] AndroidManifest.xml:22:5-24:47
64        android:name="com.nookienation_tictactoe_calc.DYNAMIC_RECEIVER_NOT_EXPORTED_PERMISSION"
64-->[androidx.core:core:1.10.1] AndroidManifest.xml:23:9-81
65        android:protectionLevel="signature" />
65-->[androidx.core:core:1.10.1] AndroidManifest.xml:24:9-44
66
67    <uses-permission android:name="com.nookienation_tictactoe_calc.DYNAMIC_RECEIVER_NOT_EXPORTED_PERMISSION" />
67-->[androidx.core:core:1.10.1] AndroidManifest.xml:26:5-97
67-->[androidx.core:core:1.10.1] AndroidManifest.xml:26:22-94
68
69    <application
70        android:name="android.app.Application"
71        android:appComponentFactory="androidx.core.app.CoreComponentFactory"
71-->[androidx.core:core:1.10.1] AndroidManifest.xml:28:18-86
72        android:debuggable="true"
73        android:icon="@mipmap/ic_launcher"
74        android:label="Nookienation TicTactoe Calc" >
75        <activity
76            android:name="com.nookienation_tictactoe_calc.MainActivity"
77            android:configChanges="orientation|keyboardHidden|keyboard|screenSize|smallestScreenSize|locale|layoutDirection|fontScale|screenLayout|density|uiMode"
78            android:exported="true"
79            android:hardwareAccelerated="true"
80            android:launchMode="singleTop"
81            android:theme="@style/LaunchTheme"
82            android:windowSoftInputMode="adjustResize" >
83
84            <!--
85                 Specifies an Android theme to apply to this Activity as soon as
86                 the Android process has started. This theme is visible to the user
87                 while the Flutter UI initializes. After that, this theme continues
88                 to determine the Window background behind the Flutter UI.
89            -->
90            <meta-data
91                android:name="io.flutter.embedding.android.NormalTheme"
92                android:resource="@style/NormalTheme" />
93            <meta-data
94                android:name="io.flutter.embedding.android.SplashScreenDrawable"
95                android:resource="@drawable/launch_background" />
96
97            <intent-filter>
98                <action android:name="android.intent.action.MAIN" />
99
100                <category android:name="android.intent.category.LAUNCHER" />
101            </intent-filter>
102        </activity>
103        <!--
104             Don't delete the meta-data below.
105             This is used by the Flutter tool to generate GeneratedPluginRegistrant.java
106        -->
107        <meta-data
108            android:name="flutterEmbedding"
109            android:value="2" />
110        <meta-data
111            android:name="com.google.android.gms.ads.APPLICATION_ID"
112            android:value="ca-app-pub-3940256099942544~3347511713" />
113
114        <service
114-->[:firebase_database] AndroidManifest.xml:10:9-14:19
115            android:name="com.google.firebase.components.ComponentDiscoveryService"
115-->[:firebase_database] AndroidManifest.xml:10:18-89
116            android:directBootAware="true"
116-->[com.google.firebase:firebase-common:20.4.2] AndroidManifest.xml:32:13-43
117            android:exported="false" >
117-->[com.google.firebase:firebase-database:20.3.0] AndroidManifest.xml:28:13-37
118            <meta-data
118-->[:firebase_database] AndroidManifest.xml:11:13-13:85
119                android:name="com.google.firebase.components:io.flutter.plugins.firebase.database.FlutterFirebaseAppRegistrar"
119-->[:firebase_database] AndroidManifest.xml:12:17-127
120                android:value="com.google.firebase.components.ComponentRegistrar" />
120-->[:firebase_database] AndroidManifest.xml:13:17-82
121            <meta-data
121-->[:firebase_auth] AndroidManifest.xml:11:13-13:85
122                android:name="com.google.firebase.components:io.flutter.plugins.firebase.auth.FlutterFirebaseAuthRegistrar"
122-->[:firebase_auth] AndroidManifest.xml:12:17-124
123                android:value="com.google.firebase.components.ComponentRegistrar" />
123-->[:firebase_auth] AndroidManifest.xml:13:17-82
124            <meta-data
124-->[:firebase_storage] AndroidManifest.xml:11:13-13:85
125                android:name="com.google.firebase.components:io.flutter.plugins.firebase.storage.FlutterFirebaseAppRegistrar"
125-->[:firebase_storage] AndroidManifest.xml:12:17-126
126                android:value="com.google.firebase.components.ComponentRegistrar" />
126-->[:firebase_storage] AndroidManifest.xml:13:17-82
127            <meta-data
127-->[:firebase_core] AndroidManifest.xml:11:13-13:85
128                android:name="com.google.firebase.components:io.flutter.plugins.firebase.core.FlutterFirebaseCoreRegistrar"
128-->[:firebase_core] AndroidManifest.xml:12:17-124
129                android:value="com.google.firebase.components.ComponentRegistrar" />
129-->[:firebase_core] AndroidManifest.xml:13:17-82
130            <meta-data
130-->[com.google.firebase:firebase-database:20.3.0] AndroidManifest.xml:29:13-31:85
131                android:name="com.google.firebase.components:com.google.firebase.database.FirebaseDatabaseKtxRegistrar"
131-->[com.google.firebase:firebase-database:20.3.0] AndroidManifest.xml:30:17-120
132                android:value="com.google.firebase.components.ComponentRegistrar" />
132-->[com.google.firebase:firebase-database:20.3.0] AndroidManifest.xml:31:17-82
133            <meta-data
133-->[com.google.firebase:firebase-database:20.3.0] AndroidManifest.xml:32:13-34:85
134                android:name="com.google.firebase.components:com.google.firebase.database.DatabaseRegistrar"
134-->[com.google.firebase:firebase-database:20.3.0] AndroidManifest.xml:33:17-109
135                android:value="com.google.firebase.components.ComponentRegistrar" />
135-->[com.google.firebase:firebase-database:20.3.0] AndroidManifest.xml:34:17-82
136            <meta-data
136-->[com.google.firebase:firebase-auth:22.3.0] AndroidManifest.xml:69:13-71:85
137                android:name="com.google.firebase.components:com.google.firebase.auth.FirebaseAuthRegistrar"
137-->[com.google.firebase:firebase-auth:22.3.0] AndroidManifest.xml:70:17-109
138                android:value="com.google.firebase.components.ComponentRegistrar" />
138-->[com.google.firebase:firebase-auth:22.3.0] AndroidManifest.xml:71:17-82
139            <meta-data
139-->[com.google.firebase:firebase-storage:20.3.0] AndroidManifest.xml:30:13-32:85
140                android:name="com.google.firebase.components:com.google.firebase.storage.FirebaseStorageKtxRegistrar"
140-->[com.google.firebase:firebase-storage:20.3.0] AndroidManifest.xml:31:17-118
141                android:value="com.google.firebase.components.ComponentRegistrar" />
141-->[com.google.firebase:firebase-storage:20.3.0] AndroidManifest.xml:32:17-82
142            <meta-data
142-->[com.google.firebase:firebase-storage:20.3.0] AndroidManifest.xml:33:13-35:85
143                android:name="com.google.firebase.components:com.google.firebase.storage.StorageRegistrar"
143-->[com.google.firebase:firebase-storage:20.3.0] AndroidManifest.xml:34:17-107
144                android:value="com.google.firebase.components.ComponentRegistrar" />
144-->[com.google.firebase:firebase-storage:20.3.0] AndroidManifest.xml:35:17-82
145            <meta-data
145-->[com.google.android.gms:play-services-measurement-api:21.5.0] AndroidManifest.xml:37:13-39:85
146                android:name="com.google.firebase.components:com.google.firebase.analytics.connector.internal.AnalyticsConnectorRegistrar"
146-->[com.google.android.gms:play-services-measurement-api:21.5.0] AndroidManifest.xml:38:17-139
147                android:value="com.google.firebase.components.ComponentRegistrar" />
147-->[com.google.android.gms:play-services-measurement-api:21.5.0] AndroidManifest.xml:39:17-82
148            <meta-data
148-->[com.google.firebase:firebase-appcheck:17.1.1] AndroidManifest.xml:25:13-27:85
149                android:name="com.google.firebase.components:com.google.firebase.appcheck.FirebaseAppCheckKtxRegistrar"
149-->[com.google.firebase:firebase-appcheck:17.1.1] AndroidManifest.xml:26:17-120
150                android:value="com.google.firebase.components.ComponentRegistrar" />
150-->[com.google.firebase:firebase-appcheck:17.1.1] AndroidManifest.xml:27:17-82
151            <meta-data
151-->[com.google.firebase:firebase-appcheck:17.1.1] AndroidManifest.xml:28:13-30:85
152                android:name="com.google.firebase.components:com.google.firebase.appcheck.FirebaseAppCheckRegistrar"
152-->[com.google.firebase:firebase-appcheck:17.1.1] AndroidManifest.xml:29:17-117
153                android:value="com.google.firebase.components.ComponentRegistrar" />
153-->[com.google.firebase:firebase-appcheck:17.1.1] AndroidManifest.xml:30:17-82
154            <meta-data
154-->[com.google.firebase:firebase-installations:17.2.0] AndroidManifest.xml:15:13-17:85
155                android:name="com.google.firebase.components:com.google.firebase.installations.FirebaseInstallationsKtxRegistrar"
155-->[com.google.firebase:firebase-installations:17.2.0] AndroidManifest.xml:16:17-130
156                android:value="com.google.firebase.components.ComponentRegistrar" />
156-->[com.google.firebase:firebase-installations:17.2.0] AndroidManifest.xml:17:17-82
157            <meta-data
157-->[com.google.firebase:firebase-installations:17.2.0] AndroidManifest.xml:18:13-20:85
158                android:name="com.google.firebase.components:com.google.firebase.installations.FirebaseInstallationsRegistrar"
158-->[com.google.firebase:firebase-installations:17.2.0] AndroidManifest.xml:19:17-127
159                android:value="com.google.firebase.components.ComponentRegistrar" />
159-->[com.google.firebase:firebase-installations:17.2.0] AndroidManifest.xml:20:17-82
160            <meta-data
160-->[com.google.firebase:firebase-common-ktx:20.4.2] AndroidManifest.xml:12:13-14:85
161                android:name="com.google.firebase.components:com.google.firebase.ktx.FirebaseCommonLegacyRegistrar"
161-->[com.google.firebase:firebase-common-ktx:20.4.2] AndroidManifest.xml:13:17-116
162                android:value="com.google.firebase.components.ComponentRegistrar" />
162-->[com.google.firebase:firebase-common-ktx:20.4.2] AndroidManifest.xml:14:17-82
163            <meta-data
163-->[com.google.firebase:firebase-common:20.4.2] AndroidManifest.xml:35:13-37:85
164                android:name="com.google.firebase.components:com.google.firebase.FirebaseCommonKtxRegistrar"
164-->[com.google.firebase:firebase-common:20.4.2] AndroidManifest.xml:36:17-109
165                android:value="com.google.firebase.components.ComponentRegistrar" />
165-->[com.google.firebase:firebase-common:20.4.2] AndroidManifest.xml:37:17-82
166        </service>
167
168        <provider
168-->[:image_picker_android] AndroidManifest.xml:10:9-18:20
169            android:name="io.flutter.plugins.imagepicker.ImagePickerFileProvider"
169-->[:image_picker_android] AndroidManifest.xml:11:13-82
170            android:authorities="com.nookienation_tictactoe_calc.flutter.image_provider"
170-->[:image_picker_android] AndroidManifest.xml:12:13-74
171            android:exported="false"
171-->[:image_picker_android] AndroidManifest.xml:13:13-37
172            android:grantUriPermissions="true" >
172-->[:image_picker_android] AndroidManifest.xml:14:13-47
173            <meta-data
173-->[:image_picker_android] AndroidManifest.xml:15:13-17:75
174                android:name="android.support.FILE_PROVIDER_PATHS"
174-->[:image_picker_android] AndroidManifest.xml:16:17-67
175                android:resource="@xml/flutter_image_picker_file_paths" />
175-->[:image_picker_android] AndroidManifest.xml:17:17-72
176        </provider>
177
178        <activity
178-->[:url_launcher_android] AndroidManifest.xml:10:9-13:74
179            android:name="io.flutter.plugins.urllauncher.WebViewActivity"
179-->[:url_launcher_android] AndroidManifest.xml:11:13-74
180            android:exported="false"
180-->[:url_launcher_android] AndroidManifest.xml:12:13-37
181            android:theme="@android:style/Theme.NoTitleBar.Fullscreen" />
181-->[:url_launcher_android] AndroidManifest.xml:13:13-71
182
183        <meta-data
183-->[:google_mobile_ads] AndroidManifest.xml:12:9-14:36
184            android:name="io.flutter.embedded_views_preview"
184-->[:google_mobile_ads] AndroidManifest.xml:13:13-61
185            android:value="true" />
185-->[:google_mobile_ads] AndroidManifest.xml:14:13-33
186        <!--
187           Declares a provider which allows us to store files to share in
188           '.../caches/share_plus' and grant the receiving action access
189        -->
190        <provider
190-->[:share_plus] AndroidManifest.xml:15:9-23:20
191            android:name="dev.fluttercommunity.plus.share.ShareFileProvider"
191-->[:share_plus] AndroidManifest.xml:16:13-77
192            android:authorities="com.nookienation_tictactoe_calc.flutter.share_provider"
192-->[:share_plus] AndroidManifest.xml:17:13-74
193            android:exported="false"
193-->[:share_plus] AndroidManifest.xml:18:13-37
194            android:grantUriPermissions="true" >
194-->[:share_plus] AndroidManifest.xml:19:13-47
195            <meta-data
195-->[:image_picker_android] AndroidManifest.xml:15:13-17:75
196                android:name="android.support.FILE_PROVIDER_PATHS"
196-->[:image_picker_android] AndroidManifest.xml:16:17-67
197                android:resource="@xml/flutter_share_file_paths" />
197-->[:image_picker_android] AndroidManifest.xml:17:17-72
198        </provider>
199        <!--
200           This manifest declared broadcast receiver allows us to use an explicit
201           Intent when creating a PendingItent to be informed of the user's choice
202        -->
203        <receiver
203-->[:share_plus] AndroidManifest.xml:28:9-34:20
204            android:name="dev.fluttercommunity.plus.share.SharePlusPendingIntent"
204-->[:share_plus] AndroidManifest.xml:29:13-82
205            android:exported="false" >
205-->[:share_plus] AndroidManifest.xml:30:13-37
206            <intent-filter>
206-->[:share_plus] AndroidManifest.xml:31:13-33:29
207                <action android:name="EXTRA_CHOSEN_COMPONENT" />
207-->[:share_plus] AndroidManifest.xml:32:17-65
207-->[:share_plus] AndroidManifest.xml:32:25-62
208            </intent-filter>
209        </receiver>
210
211        <activity
211-->[com.unity3d.ads:unity-ads:4.9.2] AndroidManifest.xml:13:9-18:74
212            android:name="com.unity3d.services.ads.adunit.AdUnitActivity"
212-->[com.unity3d.ads:unity-ads:4.9.2] AndroidManifest.xml:14:13-74
213            android:configChanges="fontScale|keyboard|keyboardHidden|locale|mnc|mcc|navigation|orientation|screenLayout|screenSize|smallestScreenSize|uiMode|touchscreen"
213-->[com.unity3d.ads:unity-ads:4.9.2] AndroidManifest.xml:15:13-170
214            android:exported="false"
214-->[com.unity3d.ads:unity-ads:4.9.2] AndroidManifest.xml:16:13-37
215            android:hardwareAccelerated="true"
215-->[com.unity3d.ads:unity-ads:4.9.2] AndroidManifest.xml:17:13-47
216            android:theme="@android:style/Theme.NoTitleBar.Fullscreen" />
216-->[com.unity3d.ads:unity-ads:4.9.2] AndroidManifest.xml:18:13-71
217        <activity
217-->[com.unity3d.ads:unity-ads:4.9.2] AndroidManifest.xml:19:9-24:86
218            android:name="com.unity3d.services.ads.adunit.AdUnitTransparentActivity"
218-->[com.unity3d.ads:unity-ads:4.9.2] AndroidManifest.xml:20:13-85
219            android:configChanges="fontScale|keyboard|keyboardHidden|locale|mnc|mcc|navigation|orientation|screenLayout|screenSize|smallestScreenSize|uiMode|touchscreen"
219-->[com.unity3d.ads:unity-ads:4.9.2] AndroidManifest.xml:21:13-170
220            android:exported="false"
220-->[com.unity3d.ads:unity-ads:4.9.2] AndroidManifest.xml:22:13-37
221            android:hardwareAccelerated="true"
221-->[com.unity3d.ads:unity-ads:4.9.2] AndroidManifest.xml:23:13-47
222            android:theme="@android:style/Theme.Translucent.NoTitleBar.Fullscreen" />
222-->[com.unity3d.ads:unity-ads:4.9.2] AndroidManifest.xml:24:13-83
223        <activity
223-->[com.unity3d.ads:unity-ads:4.9.2] AndroidManifest.xml:25:9-30:86
224            android:name="com.unity3d.services.ads.adunit.AdUnitTransparentSoftwareActivity"
224-->[com.unity3d.ads:unity-ads:4.9.2] AndroidManifest.xml:26:13-93
225            android:configChanges="fontScale|keyboard|keyboardHidden|locale|mnc|mcc|navigation|orientation|screenLayout|screenSize|smallestScreenSize|uiMode|touchscreen"
225-->[com.unity3d.ads:unity-ads:4.9.2] AndroidManifest.xml:27:13-170
226            android:exported="false"
226-->[com.unity3d.ads:unity-ads:4.9.2] AndroidManifest.xml:28:13-37
227            android:hardwareAccelerated="false"
227-->[com.unity3d.ads:unity-ads:4.9.2] AndroidManifest.xml:29:13-48
228            android:theme="@android:style/Theme.Translucent.NoTitleBar.Fullscreen" />
228-->[com.unity3d.ads:unity-ads:4.9.2] AndroidManifest.xml:30:13-83
229        <activity
229-->[com.unity3d.ads:unity-ads:4.9.2] AndroidManifest.xml:31:9-36:74
230            android:name="com.unity3d.services.ads.adunit.AdUnitSoftwareActivity"
230-->[com.unity3d.ads:unity-ads:4.9.2] AndroidManifest.xml:32:13-82
231            android:configChanges="fontScale|keyboard|keyboardHidden|locale|mnc|mcc|navigation|orientation|screenLayout|screenSize|smallestScreenSize|uiMode|touchscreen"
231-->[com.unity3d.ads:unity-ads:4.9.2] AndroidManifest.xml:33:13-170
232            android:exported="false"
232-->[com.unity3d.ads:unity-ads:4.9.2] AndroidManifest.xml:34:13-37
233            android:hardwareAccelerated="false"
233-->[com.unity3d.ads:unity-ads:4.9.2] AndroidManifest.xml:35:13-48
234            android:theme="@android:style/Theme.NoTitleBar.Fullscreen" />
234-->[com.unity3d.ads:unity-ads:4.9.2] AndroidManifest.xml:36:13-71
235        <activity
235-->[com.unity3d.ads:unity-ads:4.9.2] AndroidManifest.xml:37:9-42:74
236            android:name="com.unity3d.ads.adplayer.FullScreenWebViewDisplay"
236-->[com.unity3d.ads:unity-ads:4.9.2] AndroidManifest.xml:38:13-77
237            android:configChanges="fontScale|keyboard|keyboardHidden|locale|mnc|mcc|navigation|orientation|screenLayout|screenSize|smallestScreenSize|uiMode|touchscreen"
237-->[com.unity3d.ads:unity-ads:4.9.2] AndroidManifest.xml:39:13-170
238            android:exported="false"
238-->[com.unity3d.ads:unity-ads:4.9.2] AndroidManifest.xml:40:13-37
239            android:hardwareAccelerated="true"
239-->[com.unity3d.ads:unity-ads:4.9.2] AndroidManifest.xml:41:13-47
240            android:theme="@android:style/Theme.NoTitleBar.Fullscreen" />
240-->[com.unity3d.ads:unity-ads:4.9.2] AndroidManifest.xml:42:13-71
241
242        <provider
242-->[com.unity3d.ads:unity-ads:4.9.2] AndroidManifest.xml:44:9-54:20
243            android:name="androidx.startup.InitializationProvider"
243-->[com.unity3d.ads:unity-ads:4.9.2] AndroidManifest.xml:45:13-67
244            android:authorities="com.nookienation_tictactoe_calc.androidx-startup"
244-->[com.unity3d.ads:unity-ads:4.9.2] AndroidManifest.xml:46:13-68
245            android:exported="false" >
245-->[androidx.work:work-runtime:2.7.0] AndroidManifest.xml:34:13-37
246            <meta-data
246-->[com.unity3d.ads:unity-ads:4.9.2] AndroidManifest.xml:48:13-50:52
247                android:name="androidx.lifecycle.ProcessLifecycleInitializer"
247-->[com.unity3d.ads:unity-ads:4.9.2] AndroidManifest.xml:49:17-78
248                android:value="androidx.startup" />
248-->[com.unity3d.ads:unity-ads:4.9.2] AndroidManifest.xml:50:17-49
249            <meta-data
249-->[com.unity3d.ads:unity-ads:4.9.2] AndroidManifest.xml:51:13-53:52
250                android:name="com.unity3d.services.core.configuration.AdsSdkInitializer"
250-->[com.unity3d.ads:unity-ads:4.9.2] AndroidManifest.xml:52:17-89
251                android:value="androidx.startup" />
251-->[com.unity3d.ads:unity-ads:4.9.2] AndroidManifest.xml:53:17-49
252            <meta-data
252-->[androidx.work:work-runtime:2.7.0] AndroidManifest.xml:36:13-38:52
253                android:name="androidx.work.WorkManagerInitializer"
253-->[androidx.work:work-runtime:2.7.0] AndroidManifest.xml:37:17-68
254                android:value="androidx.startup" />
254-->[androidx.work:work-runtime:2.7.0] AndroidManifest.xml:38:17-49
255            <meta-data
255-->[androidx.profileinstaller:profileinstaller:1.3.0] AndroidManifest.xml:29:13-31:52
256                android:name="androidx.profileinstaller.ProfileInstallerInitializer"
256-->[androidx.profileinstaller:profileinstaller:1.3.0] AndroidManifest.xml:30:17-85
257                android:value="androidx.startup" />
257-->[androidx.profileinstaller:profileinstaller:1.3.0] AndroidManifest.xml:31:17-49
258        </provider>
259
260        <activity
260-->[com.google.firebase:firebase-auth:22.3.0] AndroidManifest.xml:29:9-46:20
261            android:name="com.google.firebase.auth.internal.GenericIdpActivity"
261-->[com.google.firebase:firebase-auth:22.3.0] AndroidManifest.xml:30:13-80
262            android:excludeFromRecents="true"
262-->[com.google.firebase:firebase-auth:22.3.0] AndroidManifest.xml:31:13-46
263            android:exported="true"
263-->[com.google.firebase:firebase-auth:22.3.0] AndroidManifest.xml:32:13-36
264            android:launchMode="singleTask"
264-->[com.google.firebase:firebase-auth:22.3.0] AndroidManifest.xml:33:13-44
265            android:theme="@android:style/Theme.Translucent.NoTitleBar" >
265-->[com.google.firebase:firebase-auth:22.3.0] AndroidManifest.xml:34:13-72
266            <intent-filter>
266-->[com.google.firebase:firebase-auth:22.3.0] AndroidManifest.xml:35:13-45:29
267                <action android:name="android.intent.action.VIEW" />
267-->src/main/AndroidManifest.xml:6:13-65
267-->src/main/AndroidManifest.xml:6:21-62
268
269                <category android:name="android.intent.category.DEFAULT" />
269-->[com.google.firebase:firebase-auth:22.3.0] AndroidManifest.xml:38:17-76
269-->[com.google.firebase:firebase-auth:22.3.0] AndroidManifest.xml:38:27-73
270                <category android:name="android.intent.category.BROWSABLE" />
270-->[com.google.firebase:firebase-auth:22.3.0] AndroidManifest.xml:39:17-78
270-->[com.google.firebase:firebase-auth:22.3.0] AndroidManifest.xml:39:27-75
271
272                <data
272-->src/main/AndroidManifest.xml:7:13-44
273                    android:host="firebase.auth"
274                    android:path="/"
275                    android:scheme="genericidp" />
275-->src/main/AndroidManifest.xml:7:19-41
276            </intent-filter>
277        </activity>
278        <activity
278-->[com.google.firebase:firebase-auth:22.3.0] AndroidManifest.xml:47:9-64:20
279            android:name="com.google.firebase.auth.internal.RecaptchaActivity"
279-->[com.google.firebase:firebase-auth:22.3.0] AndroidManifest.xml:48:13-79
280            android:excludeFromRecents="true"
280-->[com.google.firebase:firebase-auth:22.3.0] AndroidManifest.xml:49:13-46
281            android:exported="true"
281-->[com.google.firebase:firebase-auth:22.3.0] AndroidManifest.xml:50:13-36
282            android:launchMode="singleTask"
282-->[com.google.firebase:firebase-auth:22.3.0] AndroidManifest.xml:51:13-44
283            android:theme="@android:style/Theme.Translucent.NoTitleBar" >
283-->[com.google.firebase:firebase-auth:22.3.0] AndroidManifest.xml:52:13-72
284            <intent-filter>
284-->[com.google.firebase:firebase-auth:22.3.0] AndroidManifest.xml:53:13-63:29
285                <action android:name="android.intent.action.VIEW" />
285-->src/main/AndroidManifest.xml:6:13-65
285-->src/main/AndroidManifest.xml:6:21-62
286
287                <category android:name="android.intent.category.DEFAULT" />
287-->[com.google.firebase:firebase-auth:22.3.0] AndroidManifest.xml:38:17-76
287-->[com.google.firebase:firebase-auth:22.3.0] AndroidManifest.xml:38:27-73
288                <category android:name="android.intent.category.BROWSABLE" />
288-->[com.google.firebase:firebase-auth:22.3.0] AndroidManifest.xml:39:17-78
288-->[com.google.firebase:firebase-auth:22.3.0] AndroidManifest.xml:39:27-75
289
290                <data
290-->src/main/AndroidManifest.xml:7:13-44
291                    android:host="firebase.auth"
292                    android:path="/"
293                    android:scheme="recaptcha" />